<?xml version="1.0" encoding="UTF-8"?>
<!-- Generated by org.testng.reporters.JUnitReportReporter -->
<testsuite skipped="1" hostname="DESKTOP-IAV7E1L" name="API_TEST.EcommerceRest_App" tests="4" failures="0" timestamp="2021-11-30T15:15:50 IST" time="17.171" errors="0">
  <testcase name="Login" time="10.541" classname="API_TEST.EcommerceRest_App"/>
  <system-out/>
  <testcase name="Get" time="4.417" classname="API_TEST.EcommerceRest_App"/>
  <system-out/>
  <testcase name="delete" time="2.213" classname="API_TEST.EcommerceRest_App"/>
  <system-out/>
  <testcase name="Sign_up" classname="API_TEST.EcommerceRest_App">
    <skipped/>
  </testcase> <!-- Sign_up -->
  <system-out/>
</testsuite> <!-- API_TEST.EcommerceRest_App -->
