<?xml version="1.0" encoding="UTF-8"?>
<!-- Generated by org.testng.reporters.JUnitReportReporter -->
<testsuite skipped="0" hostname="DESKTOP-IAV7E1L" name="API_TEST.DEMO_CLASS" tests="3" failures="0" timestamp="2021-11-30T16:35:35 IST" time="15.012" errors="0">
  <testcase name="createboard" time="11.126" classname="API_TEST.DEMO_CLASS"/>
  <system-out/>
  <testcase name="getboard" time="2.702" classname="API_TEST.DEMO_CLASS"/>
  <system-out/>
  <testcase name="deleteboard" time="1.184" classname="API_TEST.DEMO_CLASS"/>
  <system-out/>
</testsuite> <!-- API_TEST.DEMO_CLASS -->
